<!DOCTYPE html PUBLIC "-//W3C//DTD XHTML 1.1//EN" "http://www.w3.org/TR/xhtml11/DTD/xhtml11.dtd">
<html xmlns="http://www.w3.org/1999/xhtml"><head><title>TestNG Report</title><style type="text/css">table {margin-bottom:10px;border-collapse:collapse;empty-cells:show}th,td {border:1px solid #009;padding:.25em .5em}th {vertical-align:bottom}td {vertical-align:top}table a {font-weight:bold}.stripe td {background-color: #E6EBF9}.num {text-align:right}.passedodd td {background-color: #3F3}.passedeven td {background-color: #0A0}.skippedodd td {background-color: #DDD}.skippedeven td {background-color: #CCC}.failedodd td,.attn {background-color: #F33}.failedeven td,.stripe .attn {background-color: #D00}.stacktrace {white-space:pre;font-family:monospace}.totop {font-size:85%;text-align:center;border-bottom:2px solid #000}</style></head><body><table><tr><th>Test</th><th># Passed</th><th># Skipped</th><th># Failed</th><th>Time (ms)</th><th>Included Groups</th><th>Excluded Groups</th></tr><tr><th colspan="7">InetBankingV4</th></tr><tr><td><a href="#t0">BankingAppChromeTest</a></td><td class="num">2</td><td class="num">0</td><td class="num attn">3</td><td class="num">42,656</td><td></td><td></td></tr><tr class="stripe"><td><a href="#t1">BankingAppFirefoxTest</a></td><td class="num">2</td><td class="num">0</td><td class="num attn">3</td><td class="num">38,008</td><td></td><td></td></tr><tr><th>Total</th><th class="num">4</th><th class="num">0</th><th class="num attn">6</th><th class="num">80,664</th><th colspan="2"></th></tr></table><table><thead><tr><th>Class</th><th>Method</th><th>Start</th><th>Time (ms)</th></tr></thead><tbody><tr><th colspan="4">InetBankingV4</th></tr></tbody><tbody id="t0"><tr><th colspan="4">BankingAppChromeTest &#8212; failed</th></tr><tr class="failedeven"><td rowspan="3">com.inetBankingV4.testCases.TC_LoginDDT_002</td><td><a href="#m0">loginTest</a></td><td rowspan="3">1629543406422</td><td rowspan="3">5165</td></tr><tr class="failedeven"><td><a href="#m1">loginTest</a></td></tr><tr class="failedeven"><td><a href="#m2">loginTest</a></td></tr><tr><th colspan="4">BankingAppChromeTest &#8212; passed</th></tr><tr class="passedeven"><td rowspan="2">com.inetBankingV4.testCases.TC_LoginDDT_002</td><td><a href="#m3">loginTest</a></td><td rowspan="2">1629543396570</td><td rowspan="2">9847</td></tr><tr class="passedeven"><td><a href="#m4">loginTest</a></td></tr></tbody><tbody id="t1"><tr><th colspan="4">BankingAppFirefoxTest &#8212; failed</th></tr><tr class="failedeven"><td rowspan="3">com.inetBankingV4.testCases.TC_LoginDDT_002</td><td><a href="#m5">loginTest</a></td><td rowspan="3">1629543445460</td><td rowspan="3">4940</td></tr><tr class="failedeven"><td><a href="#m6">loginTest</a></td></tr><tr class="failedeven"><td><a href="#m7">loginTest</a></td></tr><tr><th colspan="4">BankingAppFirefoxTest &#8212; passed</th></tr><tr class="passedeven"><td rowspan="2">com.inetBankingV4.testCases.TC_LoginDDT_002</td><td><a href="#m8">loginTest</a></td><td rowspan="2">1629543418609</td><td rowspan="2">8291</td></tr><tr class="passedeven"><td><a href="#m9">loginTest</a></td></tr></tbody></table><h2>BankingAppChromeTest</h2><h3 id="m0">com.inetBankingV4.testCases.TC_LoginDDT_002#loginTest</h3><table class="result"><tr class="param"><th>Parameter #1</th><th>Parameter #2</th></tr><tr class="param stripe"><td>mngr412356</td><td>AeUdYdf</td></tr><tr><th colspan="2">Exception</th></tr><tr><td colspan="2"><div class="stacktrace">java.lang.AssertionError: expected [true] but found [false]
	at com.inetBankingV4.testCases.TC_LoginDDT_002.loginTest(TC_LoginDDT_002.java:30)
	at java.util.concurrent.ThreadPoolExecutor.runWorker(Unknown Source)
	at java.util.concurrent.ThreadPoolExecutor$Worker.run(Unknown Source)
	at java.lang.Thread.run(Unknown Source)
... Removed 14 stack frames</div></td></tr></table><p class="totop"><a href="#summary">back to summary</a></p><h3 id="m1">com.inetBankingV4.testCases.TC_LoginDDT_002#loginTest</h3><table class="result"><tr class="param"><th>Parameter #1</th><th>Parameter #2</th></tr><tr class="param stripe"><td>mngr140789</td><td>AeUdYdf</td></tr><tr><th colspan="2">Exception</th></tr><tr><td colspan="2"><div class="stacktrace">java.lang.AssertionError: expected [true] but found [false]
	at com.inetBankingV4.testCases.TC_LoginDDT_002.loginTest(TC_LoginDDT_002.java:30)
	at java.util.concurrent.ThreadPoolExecutor.runWorker(Unknown Source)
	at java.util.concurrent.ThreadPoolExecutor$Worker.run(Unknown Source)
	at java.lang.Thread.run(Unknown Source)
... Removed 14 stack frames</div></td></tr></table><p class="totop"><a href="#summary">back to summary</a></p><h3 id="m2">com.inetBankingV4.testCases.TC_LoginDDT_002#loginTest</h3><table class="result"><tr class="param"><th>Parameter #1</th><th>Parameter #2</th></tr><tr class="param stripe"><td>mngr318762</td><td>UmejUru</td></tr><tr><th colspan="2">Exception</th></tr><tr><td colspan="2"><div class="stacktrace">java.lang.AssertionError: expected [true] but found [false]
	at com.inetBankingV4.testCases.TC_LoginDDT_002.loginTest(TC_LoginDDT_002.java:30)
	at java.util.concurrent.ThreadPoolExecutor.runWorker(Unknown Source)
	at java.util.concurrent.ThreadPoolExecutor$Worker.run(Unknown Source)
	at java.lang.Thread.run(Unknown Source)
... Removed 14 stack frames</div></td></tr></table><p class="totop"><a href="#summary">back to summary</a></p><h3 id="m3">com.inetBankingV4.testCases.TC_LoginDDT_002#loginTest</h3><table class="result"><tr class="param"><th>Parameter #1</th><th>Parameter #2</th></tr><tr class="param stripe"><td>mngr347851</td><td>tUpeqUv</td></tr></table><p class="totop"><a href="#summary">back to summary</a></p><h3 id="m4">com.inetBankingV4.testCases.TC_LoginDDT_002#loginTest</h3><table class="result"><tr class="param"><th>Parameter #1</th><th>Parameter #2</th></tr><tr class="param stripe"><td>mngr347851</td><td>tUpeqUv</td></tr></table><p class="totop"><a href="#summary">back to summary</a></p><h2>BankingAppFirefoxTest</h2><h3 id="m5">com.inetBankingV4.testCases.TC_LoginDDT_002#loginTest</h3><table class="result"><tr class="param"><th>Parameter #1</th><th>Parameter #2</th></tr><tr class="param stripe"><td>mngr412356</td><td>AeUdYdf</td></tr><tr><th colspan="2">Exception</th></tr><tr><td colspan="2"><div class="stacktrace">java.lang.AssertionError: expected [true] but found [false]
	at com.inetBankingV4.testCases.TC_LoginDDT_002.loginTest(TC_LoginDDT_002.java:30)
	at java.util.concurrent.ThreadPoolExecutor.runWorker(Unknown Source)
	at java.util.concurrent.ThreadPoolExecutor$Worker.run(Unknown Source)
	at java.lang.Thread.run(Unknown Source)
... Removed 14 stack frames</div></td></tr></table><p class="totop"><a href="#summary">back to summary</a></p><h3 id="m6">com.inetBankingV4.testCases.TC_LoginDDT_002#loginTest</h3><table class="result"><tr class="param"><th>Parameter #1</th><th>Parameter #2</th></tr><tr class="param stripe"><td>mngr140789</td><td>AeUdYdf</td></tr><tr><th colspan="2">Exception</th></tr><tr><td colspan="2"><div class="stacktrace">java.lang.AssertionError: expected [true] but found [false]
	at com.inetBankingV4.testCases.TC_LoginDDT_002.loginTest(TC_LoginDDT_002.java:30)
	at java.util.concurrent.ThreadPoolExecutor.runWorker(Unknown Source)
	at java.util.concurrent.ThreadPoolExecutor$Worker.run(Unknown Source)
	at java.lang.Thread.run(Unknown Source)
... Removed 14 stack frames</div></td></tr></table><p class="totop"><a href="#summary">back to summary</a></p><h3 id="m7">com.inetBankingV4.testCases.TC_LoginDDT_002#loginTest</h3><table class="result"><tr class="param"><th>Parameter #1</th><th>Parameter #2</th></tr><tr class="param stripe"><td>mngr318762</td><td>UmejUru</td></tr><tr><th colspan="2">Exception</th></tr><tr><td colspan="2"><div class="stacktrace">java.lang.AssertionError: expected [true] but found [false]
	at com.inetBankingV4.testCases.TC_LoginDDT_002.loginTest(TC_LoginDDT_002.java:30)
	at java.util.concurrent.ThreadPoolExecutor.runWorker(Unknown Source)
	at java.util.concurrent.ThreadPoolExecutor$Worker.run(Unknown Source)
	at java.lang.Thread.run(Unknown Source)
... Removed 14 stack frames</div></td></tr></table><p class="totop"><a href="#summary">back to summary</a></p><h3 id="m8">com.inetBankingV4.testCases.TC_LoginDDT_002#loginTest</h3><table class="result"><tr class="param"><th>Parameter #1</th><th>Parameter #2</th></tr><tr class="param stripe"><td>mngr347851</td><td>tUpeqUv</td></tr></table><p class="totop"><a href="#summary">back to summary</a></p><h3 id="m9">com.inetBankingV4.testCases.TC_LoginDDT_002#loginTest</h3><table class="result"><tr class="param"><th>Parameter #1</th><th>Parameter #2</th></tr><tr class="param stripe"><td>mngr347851</td><td>tUpeqUv</td></tr></table><p class="totop"><a href="#summary">back to summary</a></p></body></html>